2018-01-20T13:20:45.601Z - normal: Load ~/.CocosCreator/settings.json
2018-01-20T13:20:45.610Z - normal: checking language setting...
2018-01-20T13:20:45.611Z - normal: Language: zh
2018-01-20T13:20:47.586Z - success: protocol editor-framework registered
2018-01-20T13:20:47.586Z - success: protocol app registered
2018-01-20T13:20:47.586Z - success: protocol theme registered
2018-01-20T13:20:47.586Z - success: protocol packages registered
2018-01-20T13:20:47.587Z - success: protocol unpack registerred
2018-01-20T13:20:47.587Z - success: protocol disable-commonjs registerred
2018-01-20T13:20:47.697Z - normal: connected!
2018-01-20T13:20:47.703Z - normal: Check project D:\WorkSpace\cocos\CocosCreatorStudy\start_project
2018-01-20T13:20:47.706Z - normal: Initializing Cocos2d
2018-01-20T13:20:47.973Z - normal: Initializing Asset Database
2018-01-20T13:20:48.019Z - success: protocol uuid registerred
2018-01-20T13:20:48.019Z - success: protocol db registerred
2018-01-20T13:20:48.020Z - success: protocol thumbnail registerred
2018-01-20T13:20:48.020Z - normal: Loading editor/builtin packages
2018-01-20T13:20:48.046Z - success: anysdk loaded
2018-01-20T13:20:48.212Z - success: assets loaded
2018-01-20T13:20:48.214Z - success: builder loaded
2018-01-20T13:20:48.217Z - success: cocos-analytics loaded
2018-01-20T13:20:48.220Z - success: console loaded
2018-01-20T13:20:48.223Z - success: hierarchy loaded
2018-01-20T13:20:48.226Z - success: inspector loaded
2018-01-20T13:20:48.227Z - success: keystore loaded
2018-01-20T13:20:48.230Z - success: node-library loaded
2018-01-20T13:20:48.233Z - success: package-asset loaded
2018-01-20T13:20:48.235Z - success: preferences loaded
2018-01-20T13:20:48.237Z - success: project-exporter loaded
2018-01-20T13:20:48.256Z - success: project-importer loaded
2018-01-20T13:20:48.258Z - success: project-settings loaded
2018-01-20T13:20:48.260Z - success: ui-kit loaded
2018-01-20T13:20:48.262Z - success: ui-grid loaded
2018-01-20T13:20:48.265Z - success: scene loaded
2018-01-20T13:20:48.266Z - success: sprite-editor loaded
2018-01-20T13:20:48.269Z - success: store loaded
2018-01-20T13:20:48.275Z - success: timeline loaded
2018-01-20T13:20:48.275Z - normal: Loading builtin packages
2018-01-20T13:20:48.278Z - success: asset-db-debugger loaded
2018-01-20T13:20:48.279Z - success: code-editor loaded
2018-01-20T13:20:48.280Z - success: color-picker loaded
2018-01-20T13:20:48.282Z - success: package-manager loaded
2018-01-20T13:20:48.286Z - success: sdkbox loaded
2018-01-20T13:20:48.290Z - success: tester loaded
2018-01-20T13:20:48.292Z - success: ui-kit-preview-extra loaded
2018-01-20T13:20:48.293Z - success: ui-kit-preview loaded
2018-01-20T13:20:48.295Z - success: ui-tree loaded
2018-01-20T13:20:49.741Z - normal: Initializing project D:\WorkSpace\cocos\CocosCreatorStudy\start_project
2018-01-20T13:20:49.746Z - normal: Loading packages
2018-01-20T13:20:49.753Z - normal: Watching packages
2018-01-20T13:20:49.768Z - normal: Run Application
2018-01-20T13:20:50.808Z - success: preview server running at http://localhost:7456
2018-01-20T13:20:57.644Z - normal: 1.8.0
2018-01-20T13:21:16.085Z - info: shutdown preview server
